-------------------------------------------------------------------------------
Test set: com.mycompany.aula_2023_03_29.Ex_4Test
-------------------------------------------------------------------------------
Tests run: 8, Failures: 0, Errors: 8, Skipped: 0, Time elapsed: 0.094 s <<< FAILURE! - in com.mycompany.aula_2023_03_29.Ex_4Test
testeCsvSource{boolean, boolean, boolean, String[]}[1]  Time elapsed: 0.031 s  <<< ERROR!
org.junit.jupiter.api.extension.ParameterResolutionException: Error converting parameter at index 3: No implicit conversion to convert object of type java.lang.String to type [Ljava.lang.String;
Caused by: org.junit.jupiter.params.converter.ArgumentConversionException: No implicit conversion to convert object of type java.lang.String to type [Ljava.lang.String;

testeCsvSource{boolean, boolean, boolean, String[]}[2]  Time elapsed: 0.001 s  <<< ERROR!
org.junit.jupiter.api.extension.ParameterResolutionException: Error converting parameter at index 3: No implicit conversion to convert object of type java.lang.String to type [Ljava.lang.String;
Caused by: org.junit.jupiter.params.converter.ArgumentConversionException: No implicit conversion to convert object of type java.lang.String to type [Ljava.lang.String;

testeCsvSource{boolean, boolean, boolean, String[]}[3]  Time elapsed: 0.001 s  <<< ERROR!
org.junit.jupiter.api.extension.ParameterResolutionException: Error converting parameter at index 3: No implicit conversion to convert object of type java.lang.String to type [Ljava.lang.String;
Caused by: org.junit.jupiter.params.converter.ArgumentConversionException: No implicit conversion to convert object of type java.lang.String to type [Ljava.lang.String;

testeCsvSource{boolean, boolean, boolean, String[]}[4]  Time elapsed: 0.001 s  <<< ERROR!
org.junit.jupiter.api.extension.ParameterResolutionException: Error converting parameter at index 3: No implicit conversion to convert object of type java.lang.String to type [Ljava.lang.String;
Caused by: org.junit.jupiter.params.converter.ArgumentConversionException: No implicit conversion to convert object of type java.lang.String to type [Ljava.lang.String;

testeCsvSource{boolean, boolean, boolean, String[]}[5]  Time elapsed: 0.001 s  <<< ERROR!
org.junit.jupiter.api.extension.ParameterResolutionException: Error converting parameter at index 3: No implicit conversion to convert object of type java.lang.String to type [Ljava.lang.String;
Caused by: org.junit.jupiter.params.converter.ArgumentConversionException: No implicit conversion to convert object of type java.lang.String to type [Ljava.lang.String;

testeCsvSource{boolean, boolean, boolean, String[]}[6]  Time elapsed: 0.001 s  <<< ERROR!
org.junit.jupiter.api.extension.ParameterResolutionException: Error converting parameter at index 3: No implicit conversion to convert object of type java.lang.String to type [Ljava.lang.String;
Caused by: org.junit.jupiter.params.converter.ArgumentConversionException: No implicit conversion to convert object of type java.lang.String to type [Ljava.lang.String;

testeCsvSource{boolean, boolean, boolean, String[]}[7]  Time elapsed: 0.001 s  <<< ERROR!
org.junit.jupiter.api.extension.ParameterResolutionException: Error converting parameter at index 3: No implicit conversion to convert object of type java.lang.String to type [Ljava.lang.String;
Caused by: org.junit.jupiter.params.converter.ArgumentConversionException: No implicit conversion to convert object of type java.lang.String to type [Ljava.lang.String;

testeCsvSource{boolean, boolean, boolean, String[]}[8]  Time elapsed: 0.001 s  <<< ERROR!
org.junit.jupiter.api.extension.ParameterResolutionException: Error converting parameter at index 3: No implicit conversion to convert object of type java.lang.String to type [Ljava.lang.String;
Caused by: org.junit.jupiter.params.converter.ArgumentConversionException: No implicit conversion to convert object of type java.lang.String to type [Ljava.lang.String;

