<?xml version="1.0" encoding="UTF-8"?>
<testsuite xmlns:xsi="http://www.w3.org/2001/XMLSchema-instance" xsi:noNamespaceSchemaLocation="https://maven.apache.org/surefire/maven-surefire-plugin/xsd/surefire-test-report.xsd" name="com.mycompany.aula_2023_03_29.Ex_3Test" time="0.099" tests="5" errors="0" skipped="0" failures="0">
  <properties>
[...]
</properties>
  <testcase name="testeCsvSource{int, boolean, boolean, String}[1]" classname="com.mycompany.aula_2023_03_29.Ex_3Test" time="0.042"/>
  <testcase name="testeCsvSource{int, boolean, boolean, String}[2]" classname="com.mycompany.aula_2023_03_29.Ex_3Test" time="0.001"/>
  <testcase name="testeCsvSource{int, boolean, boolean, String}[3]" classname="com.mycompany.aula_2023_03_29.Ex_3Test" time="0.001"/>
  <testcase name="testeCsvSource{int, boolean, boolean, String}[4]" classname="com.mycompany.aula_2023_03_29.Ex_3Test" time="0.001"/>
  <testcase name="testeCsvSource{int, boolean, boolean, String}[5]" classname="com.mycompany.aula_2023_03_29.Ex_3Test" time="0"/>
</testsuite>